Starting run_all_examples.sh at Fri Sep 26 11:31:56 IDT 2025
Output will be saved to: run_all_examples_output.txt
===========================================

Running: make check
-------------------------------------------
PYTHONPATH=. .venv/bin/python -m mypy --strict . --exclude .venv
Success: no issues found in 32 source files
make check completed successfully

Found Python files to run:
examples/ackermann.py
examples/alternating_bit_protocol.py
examples/binary_counter.py
examples/hybrid_reliable_broadcast.py
examples/mutex_ring.py
examples/paxos.py
examples/ring_leader.py
examples/ticket.py
examples/toy_stabilization.py
examples/trivial_termination.py
===========================================

Running: make examples/ackermann.py
-------------------------------------------
PYTHONPATH=. .venv/bin/python -m mypy --strict . --exclude .venv
Success: no issues found in 32 source files
PYTHONPATH=. .venv/bin/python examples/ackermann.py
Checking sat init: passed
Checking sat step1: passed
Checking sat step2: passed
Checking sat step3: passed
Checking sat init and tr: passed
Checking inv in init: passed
Checking inv in step1_X_timers: passed
Checking inv in step2_X_timers: passed
Checking inv in step3_X_timers: passed
Checking conserved in step1_X_timers: failed
Checking conserved in step2_X_timers: failed
Checking conserved in step3_X_timers: failed
fail: conserved
make examples/ackermann.py completed successfully

Running: make examples/alternating_bit_protocol.py
-------------------------------------------
PYTHONPATH=. .venv/bin/python -m mypy --strict . --exclude .venv
Success: no issues found in 32 source files
PYTHONPATH=. .venv/bin/python examples/alternating_bit_protocol.py
Checking sat init: passed
Checking sat ack_msg_drop: passed
Checking sat data_msg_drop: passed
Checking sat gen_data: passed
Checking sat receiver_receive_data: passed
Checking sat receiver_send_ack: passed
Checking sat sender_receive_ack: passed
Checking sat sender_send_data: passed
Checking sat init and tr: passed
Checking inv in init: passed
Checking inv in ack_msg_drop_X_timers: passed
Checking inv in data_msg_drop_X_timers: passed
Checking inv in gen_data_X_timers: passed
Checking inv in receiver_receive_data_X_timers: passed
Checking inv in receiver_send_ack_X_timers: passed
Checking inv in sender_receive_ack_X_timers: passed
Checking inv in sender_send_data_X_timers: passed
Checking conserved in ack_msg_drop_X_timers: passed
Checking conserved in data_msg_drop_X_timers: passed
Checking conserved in gen_data_X_timers: passed
Checking conserved in receiver_receive_data_X_timers: passed
Checking conserved in receiver_send_ack_X_timers: passed
Checking conserved in sender_receive_ack_X_timers: passed
Checking conserved in sender_send_data_X_timers: passed
Checking decreases in ack_msg_drop_X_timers: passed
Checking decreases in data_msg_drop_X_timers: passed
Checking decreases in gen_data_X_timers: passed
Checking decreases in receiver_receive_data_X_timers: passed
Checking decreases in receiver_send_ack_X_timers: passed
Checking decreases in sender_receive_ack_X_timers: passed
Checking decreases in sender_send_data_X_timers: passed
Checking beta->alpha_<Bin(bad_in_ack_queue)>: passed
Checking init->at most m alpha_<Bin(bad_in_ack_queue)>: passed
Checking ack_msg_drop_X_timers->at most m alpha added_<Bin(bad_in_ack_queue)>: passed
Checking data_msg_drop_X_timers->at most m alpha added_<Bin(bad_in_ack_queue)>: passed
Checking gen_data_X_timers->at most m alpha added_<Bin(bad_in_ack_queue)>: passed
Checking receiver_receive_data_X_timers->at most m alpha added_<Bin(bad_in_ack_queue)>: passed
Checking receiver_send_ack_X_timers->at most m alpha added_<Bin(bad_in_ack_queue)>: passed
Checking sender_receive_ack_X_timers->at most m alpha added_<Bin(bad_in_ack_queue)>: passed
Checking sender_send_data_X_timers->at most m alpha added_<Bin(bad_in_ack_queue)>: passed
Checking beta->alpha_<Bin(bad_in_data_queue)>: passed
Checking init->at most m alpha_<Bin(bad_in_data_queue)>: passed
Checking ack_msg_drop_X_timers->at most m alpha added_<Bin(bad_in_data_queue)>: passed
Checking data_msg_drop_X_timers->at most m alpha added_<Bin(bad_in_data_queue)>: passed
Checking gen_data_X_timers->at most m alpha added_<Bin(bad_in_data_queue)>: passed
Checking receiver_receive_data_X_timers->at most m alpha added_<Bin(bad_in_data_queue)>: passed
Checking receiver_send_ack_X_timers->at most m alpha added_<Bin(bad_in_data_queue)>: passed
Checking sender_receive_ack_X_timers->at most m alpha added_<Bin(bad_in_data_queue)>: passed
Checking sender_send_data_X_timers->at most m alpha added_<Bin(bad_in_data_queue)>: passed
Checking soundness: passed
All passed!
make examples/alternating_bit_protocol.py completed successfully

Running: make examples/binary_counter.py
-------------------------------------------
PYTHONPATH=. .venv/bin/python -m mypy --strict . --exclude .venv
Success: no issues found in 32 source files
PYTHONPATH=. .venv/bin/python examples/binary_counter.py
Checking sat init: passed
Checking sat decrease: passed
Checking sat init and tr: passed
Checking inv in init: passed
Checking inv in decrease_X_timers: passed
Checking conserved in decrease_X_timers: passed
Checking decreases in decrease_X_timers: passed
Checking soundness: failed
fail: soundness
make examples/binary_counter.py completed successfully

Running: make examples/hybrid_reliable_broadcast.py
-------------------------------------------
PYTHONPATH=. .venv/bin/python -m mypy --strict . --exclude .venv
Success: no issues found in 32 source files
PYTHONPATH=. .venv/bin/python examples/hybrid_reliable_broadcast.py
Checking sat init: passed
Checking sat receive_init: passed
Checking sat receive_init_i: passed
Checking sat receive_msg: passed
Checking sat receive_msg_c: passed
Checking sat trans_faulty_send_a: passed
Checking sat trans_faulty_send_s: passed
Checking sat trans_faulty_state_sa: passed
Checking sat trans_receive_msg_i: passed
Checking sat init and tr: passed
Traceback (most recent call last):
  File "/Users/razlotan/Desktop/research/implicit-rankings-timers/implicit-rankings-timers/examples/hybrid_reliable_broadcast.py", line 761, in <module>
    RelayHRBProof().check()
    ~~~~~~~~~~~~~~~~~~~~~^^
  File "/Users/razlotan/Desktop/research/implicit-rankings-timers/implicit-rankings-timers/termination.py", line 331, in check
    if not self._check_inv():
           ~~~~~~~~~~~~~~~^^
  File "/Users/razlotan/Desktop/research/implicit-rankings-timers/implicit-rankings-timers/termination.py", line 351, in _check_inv
    return self.check_inductiveness(lambda this: this.invariant, "inv")
           ~~~~~~~~~~~~~~~~~~~~~~~~^^^^^^^^^^^^^^^^^^^^^^^^^^^^^^^^^^^^
  File "/Users/razlotan/Desktop/research/implicit-rankings-timers/implicit-rankings-timers/ts.py", line 91, in check_inductiveness
    self.check_and_print(f"{inv_name} in init", self.init, z3.Not(inv(self)))
                                                ^^^^^^^^^
  File "/opt/homebrew/Cellar/python@3.13/3.13.7/Frameworks/Python.framework/Versions/3.13/lib/python3.13/functools.py", line 1026, in __get__
    val = self.func(instance)
  File "/Users/razlotan/Desktop/research/implicit-rankings-timers/implicit-rankings-timers/ts.py", line 61, in init
    return z3.And(*self.inits.values())
                   ^^^^^^^^^^
  File "/Users/razlotan/Desktop/research/implicit-rankings-timers/implicit-rankings-timers/termination.py", line 115, in inits
    return self.intersection.inits
           ^^^^^^^^^^^^^^^^^
  File "/opt/homebrew/Cellar/python@3.13/3.13.7/Frameworks/Python.framework/Versions/3.13/lib/python3.13/functools.py", line 1026, in __get__
    val = self.func(instance)
  File "/Users/razlotan/Desktop/research/implicit-rankings-timers/implicit-rankings-timers/termination.py", line 221, in intersection
    self.suffix, self.sys_with_witnesses, self.timers
                                          ^^^^^^^^^^^
  File "/opt/homebrew/Cellar/python@3.13/3.13.7/Frameworks/Python.framework/Versions/3.13/lib/python3.13/functools.py", line 1026, in __get__
    val = self.func(instance)
  File "/Users/razlotan/Desktop/research/implicit-rankings-timers/implicit-rankings-timers/termination.py", line 160, in timers
    self.reset.instantiated_prop,
    ^^^^^^^^^^^^^^^^^^^^^^^^^^^^
  File "/opt/homebrew/Cellar/python@3.13/3.13.7/Frameworks/Python.framework/Versions/3.13/lib/python3.13/functools.py", line 1026, in __get__
    val = self.func(instance)
  File "/Users/razlotan/Desktop/research/implicit-rankings-timers/implicit-rankings-timers/termination.py", line 202, in instantiated_prop
    not pending
AssertionError: Some temporal witnesses could not be instantiated: skolem_violation
make: *** [examples/hybrid_reliable_broadcast.py] Error 1
make examples/hybrid_reliable_broadcast.py completed successfully

Running: make examples/mutex_ring.py
-------------------------------------------
PYTHONPATH=. .venv/bin/python -m mypy --strict . --exclude .venv
Success: no issues found in 32 source files
PYTHONPATH=. .venv/bin/python examples/mutex_ring.py
Checking sat init: passed
Checking sat wakeup: passed
Checking sat init and tr: passed
Checking inv in init: passed
Checking inv in wakeup_X_timers: passed
Checking conserved in wakeup_X_timers: passed
Checking decreases in wakeup_X_timers: passed
Checking soundness: passed
All passed!
make examples/mutex_ring.py completed successfully

Running: make examples/paxos.py
-------------------------------------------
PYTHONPATH=. .venv/bin/python -m mypy --strict . --exclude .venv
Success: no issues found in 32 source files
PYTHONPATH=. .venv/bin/python examples/paxos.py
make examples/paxos.py completed successfully

Running: make examples/ring_leader.py
-------------------------------------------
PYTHONPATH=. .venv/bin/python -m mypy --strict . --exclude .venv
Success: no issues found in 32 source files
PYTHONPATH=. .venv/bin/python examples/ring_leader.py
Checking sat init: passed
Checking sat wakeup: passed
Checking sat init and tr: passed
Checking inv in init: passed
Checking inv in wakeup_X_timers: passed
Checking conserved in wakeup_X_timers: failed
fail: conserved
make examples/ring_leader.py completed successfully

Running: make examples/ticket.py
-------------------------------------------
PYTHONPATH=. .venv/bin/python -m mypy --strict . --exclude .venv
Success: no issues found in 32 source files
PYTHONPATH=. .venv/bin/python examples/ticket.py
Checking sat init: passed
Checking sat step12: passed
Checking sat step22: passed
Checking sat step23: passed
Checking sat step31: passed
Checking sat init and tr: passed
Checking inv in init: passed
Checking inv in step12_X_timers: passed
Checking inv in step22_X_timers: passed
Checking inv in step23_X_timers: passed
Checking inv in step31_X_timers: passed
Checking conserved in step12_X_timers: passed
Checking conserved in step22_X_timers: passed
Checking conserved in step23_X_timers: passed
Checking conserved in step31_X_timers: passed
Checking decreases in step12_X_timers: passed
Checking decreases in step22_X_timers: passed
Checking decreases in step23_X_timers: passed
Checking decreases in step31_X_timers: passed
Checking beta->alpha_<Bin(rk2_body)>: passed
Checking init->at most m alpha_<Bin(rk2_body)>: passed
Checking step12_X_timers->at most m alpha added_<Bin(rk2_body)>: passed
Checking step22_X_timers->at most m alpha added_<Bin(rk2_body)>: passed
Checking step23_X_timers->at most m alpha added_<Bin(rk2_body)>: passed
Checking step31_X_timers->at most m alpha added_<Bin(rk2_body)>: passed
Checking beta->alpha_<Cond(Pos(t_<scheduled(T)>), non_pc1_serviced)>: passed
Checking init->at most m alpha_<Cond(Pos(t_<scheduled(T)>), non_pc1_serviced)>: passed
Checking step12_X_timers->at most m alpha added_<Cond(Pos(t_<scheduled(T)>), non_pc1_serviced)>: passed
Checking step22_X_timers->at most m alpha added_<Cond(Pos(t_<scheduled(T)>), non_pc1_serviced)>: passed
Checking step23_X_timers->at most m alpha added_<Cond(Pos(t_<scheduled(T)>), non_pc1_serviced)>: passed
Checking step31_X_timers->at most m alpha added_<Cond(Pos(t_<scheduled(T)>), non_pc1_serviced)>: passed
Checking soundness: passed
All passed!
make examples/ticket.py completed successfully

Running: make examples/toy_stabilization.py
-------------------------------------------
PYTHONPATH=. .venv/bin/python -m mypy --strict . --exclude .venv
Success: no issues found in 32 source files
PYTHONPATH=. .venv/bin/python examples/toy_stabilization.py
Checking sat init: passed
Checking sat wakeup: passed
Checking sat init and tr: passed
Checking inv in init: passed
Checking inv in wakeup_X_timers: passed
Checking conserved in wakeup_X_timers: failed
fail: conserved
make examples/toy_stabilization.py completed successfully

Running: make examples/trivial_termination.py
-------------------------------------------
PYTHONPATH=. .venv/bin/python -m mypy --strict . --exclude .venv
Success: no issues found in 32 source files
PYTHONPATH=. .venv/bin/python examples/trivial_termination.py
Checking sat init: passed
Checking sat turn_off: passed
Checking sat init and tr: passed
Checking inv in init: passed
Checking inv in turn_off_X_timers: passed
Checking conserved in turn_off_X_timers: passed
Checking decreases in turn_off_X_timers: passed
Checking soundness: passed
All passed!
make examples/trivial_termination.py completed successfully

===========================================
All examples completed at Fri Sep 26 11:32:31 IDT 2025
Output saved to: run_all_examples_output.txt
